<?xml version="1.0" encoding="UTF-8"?>
<!-- Generated by org.testng.reporters.JUnitReportReporter -->
<testsuite skipped="0" hostname="RSLPTP862" name="com.automation.tests.DealPageTest" tests="1" failures="0" timestamp="14 Apr 2019 08:00:58 GMT" time="31.804" errors="0">
  <testcase name="dealPageTest" time="31.804" classname="com.automation.tests.DealPageTest"/>
</testsuite> <!-- com.automation.tests.DealPageTest -->
