<?xml version="1.0" encoding="UTF-8"?>
<!-- Generated by org.testng.reporters.JUnitReportReporter -->
<testsuite skipped="0" hostname="RSLPTP862" name="com.automation.tests.ContactPageTest" tests="1" failures="0" timestamp="14 Apr 2019 08:00:58 GMT" time="40.325" errors="0">
  <testcase name="contactPageTest" time="40.325" classname="com.automation.tests.ContactPageTest"/>
</testsuite> <!-- com.automation.tests.ContactPageTest -->
